[ 2021-11-05 11:14:07 INFO ] (llpv.ServerStart:36) : [llprocessview v1.1 Start ]
[ 2021-11-05 11:14:07 INFO ] (db.Database:125) : [show config map]
[ 2021-11-05 11:14:07 INFO ] (db.Database:131) : config_code:            start_dt  ||  config_value: 2021-11-05 11:14:07
[ 2021-11-05 11:14:07 INFO ] (db.Database:131) : config_code:          running_dt  ||  config_value:          2021-11-05
[ 2021-11-05 11:14:07 INFO ] (db.Database:131) : config_code:        is_use_limit  ||  config_value:                   N
[ 2021-11-05 11:14:07 INFO ] (db.Database:131) : config_code:        is_send_data  ||  config_value:                   N
[ 2021-11-05 11:14:07 INFO ] (db.Database:131) : config_code:        is_use_alarm  ||  config_value:                   N
[ 2021-11-05 11:14:07 INFO ] (db.Database:131) : config_code:           alarm_run  ||  config_value:                  50
[ 2021-11-05 11:14:07 INFO ] (db.Database:131) : config_code:          alarm_rest  ||  config_value:                  10
[ 2021-11-05 11:14:07 INFO ] (db.Database:134) : ---------------------------
[ 2021-11-05 11:14:07 INFO ] (db.Database:136) : [show limit list]
[ 2021-11-05 11:14:07 INFO ] (db.Database:156) : {}
[ 2021-11-05 11:14:07 INFO ] (db.Database:158) : ---------------------------
[ 2021-11-05 13:29:14 INFO ] (llpv.ServerStart:36) : [llprocessview v1.1 Start ]
[ 2021-11-05 13:29:14 INFO ] (db.Database:125) : [show config map]
[ 2021-11-05 13:29:14 INFO ] (db.Database:131) : config_code:            start_dt  ||  config_value: 2021-11-05 13:29:14
[ 2021-11-05 13:29:14 INFO ] (db.Database:131) : config_code:          running_dt  ||  config_value:          2021-11-05
[ 2021-11-05 13:29:14 INFO ] (db.Database:131) : config_code:        is_use_limit  ||  config_value:                   N
[ 2021-11-05 13:29:14 INFO ] (db.Database:131) : config_code:        is_send_data  ||  config_value:                   N
[ 2021-11-05 13:29:14 INFO ] (db.Database:131) : config_code:        is_use_alarm  ||  config_value:                   N
[ 2021-11-05 13:29:14 INFO ] (db.Database:131) : config_code:           alarm_run  ||  config_value:                  50
[ 2021-11-05 13:29:14 INFO ] (db.Database:131) : config_code:          alarm_rest  ||  config_value:                  10
[ 2021-11-05 13:29:14 INFO ] (db.Database:134) : ---------------------------
[ 2021-11-05 13:29:14 INFO ] (db.Database:136) : [show limit list]
[ 2021-11-05 13:29:14 INFO ] (db.Database:156) : {}
[ 2021-11-05 13:29:14 INFO ] (db.Database:158) : ---------------------------
